
> webHydLa@1.0.0 build /home/yamamoto/ulab/webHydLa
> webpack

Hash: b6bae2ce3f7778561776
Version: webpack 4.42.0
Time: 6570ms
Built at: 2020-03-12 17:37:26
  Asset     Size  Chunks             Chunk Names
main.js  3.2 MiB    main  [emitted]  main
Entrypoint main = main.js
[./src/animation_control.ts] 16.8 KiB {main} [built]
[./src/dat_gui_control.ts] 9.27 KiB {main} [built]
[./src/dom_control.ts] 4.54 KiB {main} [built]
[./src/editor_control.ts] 4.85 KiB {main} [built] [2 errors]
[./src/graph_control.ts] 6.51 KiB {main} [built] [1 error]
[./src/hydat.ts] 3.5 KiB {main} [built]
[./src/hydat_control.ts] 1.82 KiB {main} [built]
[./src/hylagi.ts] 6.42 KiB {main} [built] [1 error]
[./src/main.ts] 1.97 KiB {main} [built]
[./src/new_ui.ts] 1.88 KiB {main} [built]
[./src/plot_control.ts] 17 KiB {main} [built]
[./src/plot_line.ts] 3.53 KiB {main} [built] [2 errors]
[./src/plot_line_map_control.ts] 3.96 KiB {main} [built] [6 errors]
[./src/plot_settings.ts] 2.55 KiB {main} [built]
[./src/storage_control.ts] 2.27 KiB {main} [built]
    + 16 hidden modules

ERROR in /home/yamamoto/ulab/webHydLa/src/editor_control.ts
./src/editor_control.ts
[tsl] ERROR in /home/yamamoto/ulab/webHydLa/src/editor_control.ts(59,7)
      TS2304: Cannot find name 'browser_storage'.

ERROR in /home/yamamoto/ulab/webHydLa/src/editor_control.ts
./src/editor_control.ts
[tsl] ERROR in /home/yamamoto/ulab/webHydLa/src/editor_control.ts(115,9)
      TS2304: Cannot find name 'browser_storage'.

ERROR in /home/yamamoto/ulab/webHydLa/src/graph_control.ts
./src/graph_control.ts
[tsl] ERROR in /home/yamamoto/ulab/webHydLa/src/graph_control.ts(130,11)
      TS2304: Cannot find name 'range_mode'.

ERROR in /home/yamamoto/ulab/webHydLa/src/hylagi.ts
./src/hylagi.ts
[tsl] ERROR in /home/yamamoto/ulab/webHydLa/src/hylagi.ts(83,37)
      TS2304: Cannot find name 'browser_storage'.

ERROR in /home/yamamoto/ulab/webHydLa/src/plot_line.ts
./src/plot_line.ts
[tsl] ERROR in /home/yamamoto/ulab/webHydLa/src/plot_line.ts(89,46)
      TS2339: Property 'plot_line_settings' does not exist on type '{}'.

ERROR in /home/yamamoto/ulab/webHydLa/src/plot_line.ts
./src/plot_line.ts
[tsl] ERROR in /home/yamamoto/ulab/webHydLa/src/plot_line.ts(90,9)
      TS2304: Cannot find name 'browser_storage'.

ERROR in /home/yamamoto/ulab/webHydLa/src/plot_line_map_control.ts
./src/plot_line_map_control.ts
[tsl] ERROR in /home/yamamoto/ulab/webHydLa/src/plot_line_map_control.ts(25,49)
      TS2339: Property 'plot_line_settings' does not exist on type '{}'.

ERROR in /home/yamamoto/ulab/webHydLa/src/plot_line_map_control.ts
./src/plot_line_map_control.ts
[tsl] ERROR in /home/yamamoto/ulab/webHydLa/src/plot_line_map_control.ts(26,5)
      TS2304: Cannot find name 'browser_storage'.

ERROR in /home/yamamoto/ulab/webHydLa/src/plot_line_map_control.ts
./src/plot_line_map_control.ts
[tsl] ERROR in /home/yamamoto/ulab/webHydLa/src/plot_line_map_control.ts(82,20)
      TS2339: Property 'browser_storage' does not exist on type 'typeof PlotLineMapControl'.

ERROR in /home/yamamoto/ulab/webHydLa/src/plot_line_map_control.ts
./src/plot_line_map_control.ts
[tsl] ERROR in /home/yamamoto/ulab/webHydLa/src/plot_line_map_control.ts(85,64)
      TS2339: Property 'plot_line_settings' does not exist on type '{}'.

ERROR in /home/yamamoto/ulab/webHydLa/src/plot_line_map_control.ts
./src/plot_line_map_control.ts
[tsl] ERROR in /home/yamamoto/ulab/webHydLa/src/plot_line_map_control.ts(87,105)
      TS2345: Argument of type 'string' is not assignable to parameter of type 'number'.

ERROR in /home/yamamoto/ulab/webHydLa/src/plot_line_map_control.ts
./src/plot_line_map_control.ts
[tsl] ERROR in /home/yamamoto/ulab/webHydLa/src/plot_line_map_control.ts(102,115)
      TS2339: Property 'variables' does not exist on type 'Hydat'.
npm ERR! code ELIFECYCLE
npm ERR! errno 2
npm ERR! webHydLa@1.0.0 build: `webpack`
npm ERR! Exit status 2
npm ERR! 
npm ERR! Failed at the webHydLa@1.0.0 build script.
npm ERR! This is probably not a problem with npm. There is likely additional logging output above.

npm ERR! A complete log of this run can be found in:
npm ERR!     /home/yamamoto/.npm/_logs/2020-03-12T08_37_26_624Z-debug.log
